0 info it worked if it ends with ok
1 verbose cli [ '/Users/sofrito/.nvm/v0.10.36/bin/node',
1 verbose cli   '/Users/sofrito/.nvm/v0.10.36/bin/npm',
1 verbose cli   'install',
1 verbose cli   'expressjs' ]
2 info using npm@1.4.28
3 info using node@v0.10.36
4 verbose cache add [ 'expressjs', null ]
5 verbose cache add name=undefined spec="expressjs" args=["expressjs",null]
6 verbose parsed url { protocol: null,
6 verbose parsed url   slashes: null,
6 verbose parsed url   auth: null,
6 verbose parsed url   host: null,
6 verbose parsed url   port: null,
6 verbose parsed url   hostname: null,
6 verbose parsed url   hash: null,
6 verbose parsed url   search: null,
6 verbose parsed url   query: null,
6 verbose parsed url   pathname: 'expressjs',
6 verbose parsed url   path: 'expressjs',
6 verbose parsed url   href: 'expressjs' }
7 silly lockFile 641f587e-expressjs expressjs
8 verbose lock expressjs /Users/sofrito/.npm/641f587e-expressjs.lock
9 silly lockFile 641f587e-expressjs expressjs
10 silly lockFile 641f587e-expressjs expressjs
11 verbose addNamed [ 'expressjs', '' ]
12 verbose addNamed [ null, '*' ]
13 silly lockFile 04250d81-expressjs expressjs@
14 verbose lock expressjs@ /Users/sofrito/.npm/04250d81-expressjs.lock
15 silly addNameRange { name: 'expressjs', range: '*', hasData: false }
16 verbose request where is /expressjs
17 verbose request registry https://registry.npmjs.org/
18 verbose request id e90668e649fb6dc6
19 verbose url raw /expressjs
20 verbose url resolving [ 'https://registry.npmjs.org/', './expressjs' ]
21 verbose url resolved https://registry.npmjs.org/expressjs
22 verbose request where is https://registry.npmjs.org/expressjs
23 info trying registry request attempt 1 at 09:12:35
24 http GET https://registry.npmjs.org/expressjs
25 http 404 https://registry.npmjs.org/expressjs
26 silly registry.get cb [ 404,
26 silly registry.get   { 'content-type': 'application/json',
26 silly registry.get     'cache-control': 'max-age=0',
26 silly registry.get     'content-length': '2',
26 silly registry.get     'accept-ranges': 'bytes',
26 silly registry.get     date: 'Tue, 16 Feb 2016 14:12:36 GMT',
26 silly registry.get     via: '1.1 varnish',
26 silly registry.get     age: '0',
26 silly registry.get     connection: 'keep-alive',
26 silly registry.get     'x-served-by': 'cache-atl6238-ATL',
26 silly registry.get     'x-cache': 'MISS',
26 silly registry.get     'x-cache-hits': '0',
26 silly registry.get     'x-timer': 'S1455631956.512880,VS0,VE107' } ]
27 silly lockFile 04250d81-expressjs expressjs@
28 silly lockFile 04250d81-expressjs expressjs@
29 error 404 Not Found
29 error 404
29 error 404 'expressjs' is not in the npm registry.
29 error 404 You should bug the author to publish it
29 error 404
29 error 404 Note that you can also install from a
29 error 404 tarball, folder, or http url, or git url.
30 error System Darwin 14.5.0
31 error command "/Users/sofrito/.nvm/v0.10.36/bin/node" "/Users/sofrito/.nvm/v0.10.36/bin/npm" "install" "expressjs"
32 error cwd /Users/sofrito/Projects/proyecto MAX
33 error node -v v0.10.36
34 error npm -v 1.4.28
35 error code E404
36 verbose exit [ 1, true ]
